<?xml version="1.0" encoding="UTF-8"?>
<testng-results skipped="0" failed="0" total="1" passed="1">
  <reporter-output>
  </reporter-output>
  <suite name="Default suite" duration-ms="82" started-at="2019-04-14T05:18:45Z" finished-at="2019-04-14T05:18:45Z">
    <groups>
    </groups>
    <test name="Default test" duration-ms="82" started-at="2019-04-14T05:18:45Z" finished-at="2019-04-14T05:18:45Z">
      <class name="com.jbk.NewTest">
        <test-method status="PASS" signature="f()[pri:0, instance:com.jbk.NewTest@96442d]" name="f" duration-ms="40" started-at="2019-04-14T10:48:45Z" finished-at="2019-04-14T10:48:45Z">
          <reporter-output>
          </reporter-output>
        </test-method> <!-- f -->
      </class> <!-- com.jbk.NewTest -->
    </test> <!-- Default test -->
  </suite> <!-- Default suite -->
</testng-results>
